f:\exercise\chapter3\debug\vc140.pdb
j:\exercise\chapter3\debug\vc140.pdb
j:\exercise\chapter3\debug\vc140.idb
j:\exercise\chapter3\debug\practice 3.10.obj
j:\exercise\chapter3\debug\practice 3.14.obj
j:\exercise\chapter3\debug\practice 3.15.obj
j:\exercise\chapter3\debug\practice 3.16.obj
j:\exercise\chapter3\debug\practice 3.17.obj
j:\exercise\chapter3\debug\practice 3.20(1).obj
j:\exercise\chapter3\debug\practice 3.20(2).obj
j:\exercise\chapter3\debug\practice 3.21.obj
j:\exercise\chapter3\debug\practice 3.24(1).obj
j:\exercise\chapter3\debug\practice 3.24(2).obj
j:\exercise\chapter3\debug\practice 3.25.obj
j:\exercise\chapter3\debug\test.obj
f:\exercise\chapter3\debug\chapter3.ilk
f:\exercise\chapter3\debug\chapter3.exe
f:\exercise\chapter3\debug\chapter3.pdb
j:\exercise\chapter3\debug\chapter3.ilk
j:\exercise\chapter3\debug\chapter3.exe
j:\exercise\chapter3\debug\chapter3.pdb
j:\exercise\chapter3\debug\practice 3.2.obj
j:\exercise\chapter3\debug\chapter3.tlog\cl.command.1.tlog
j:\exercise\chapter3\debug\chapter3.tlog\cl.read.1.tlog
j:\exercise\chapter3\debug\chapter3.tlog\cl.write.1.tlog
j:\exercise\chapter3\debug\chapter3.tlog\link.command.1.tlog
j:\exercise\chapter3\debug\chapter3.tlog\link.read.1.tlog
j:\exercise\chapter3\debug\chapter3.tlog\link.write.1.tlog
